0 verbose cli /usr/local/nvm/versions/node/v22.20.0/bin/node /usr/local/nvm/versions/node/v22.20.0/bin/npm
0 verbose cli /usr/local/nvm/versions/node/v22.20.0/bin/node /usr/local/nvm/versions/node/v22.20.0/bin/npm
1 info using npm@11.6.1
2 info using node@v22.20.0
1 info using npm@11.6.1
3 silly config load:file:/usr/local/nvm/versions/node/v22.20.0/lib/node_modules/npm/npmrc
4 silly config load:file:/home/snehaganeshwadi/.npmrc
5 silly config load:file:/usr/local/nvm/versions/node/v22.20.0/etc/npmrc
2 info using node@v22.20.0
6 verbose title npm config get prefix
3 silly config load:file:/usr/local/nvm/versions/node/v22.20.0/lib/node_modules/npm/npmrc
4 silly config load:file:/home/snehaganeshwadi/.npmrc
7 verbose argv "config" "--loglevel" "warn" "get" "prefix"
5 silly config load:file:/usr/local/nvm/versions/node/v22.20.0/etc/npmrc
8 verbose logfile logs-max:10 dir:/home/snehaganeshwadi/.npm/_logs/2025-10-10T07_23_22_779Z-
6 verbose title npm config get prefix
9 verbose logfile /home/snehaganeshwadi/.npm/_logs/2025-10-10T07_23_22_779Z-debug-0.log
7 verbose argv "config" "--loglevel" "warn" "get" "prefix"
8 verbose logfile logs-max:10 dir:/home/snehaganeshwadi/.npm/_logs/2025-10-10T07_23_22_779Z-
9 verbose logfile /home/snehaganeshwadi/.npm/_logs/2025-10-10T07_23_22_779Z-debug-0.log
10 silly logfile start cleaning logs, removing 1 files
10 silly logfile start cleaning logs, removing 1 files
11 verbose cwd /home/snehaganeshwadi
12 verbose os Linux 6.6.105+
13 verbose node v22.20.0
14 verbose npm  v11.6.1
11 verbose cwd /home/snehaganeshwadi
15 verbose exit 0
16 info ok
12 verbose os Linux 6.6.105+
13 verbose node v22.20.0
14 verbose npm  v11.6.1
15 verbose exit 0
16 info ok
