0 verbose cli /usr/local/nvm/versions/node/v22.20.0/bin/node /usr/local/nvm/versions/node/v22.20.0/bin/npm
1 info using npm@11.6.1
2 info using node@v22.20.0
3 silly config load:file:/usr/local/nvm/versions/node/v22.20.0/lib/node_modules/npm/npmrc
4 silly config load:file:/home/snehaganeshwadi/.npmrc
5 silly config load:file:/usr/local/nvm/versions/node/v22.20.0/etc/npmrc
6 verbose title npm install csv-parse
7 verbose argv "install" "csv-parse"
8 verbose logfile logs-max:10 dir:/home/snehaganeshwadi/.npm/_logs/2025-10-04T13_26_11_096Z-
9 verbose logfile /home/snehaganeshwadi/.npm/_logs/2025-10-04T13_26_11_096Z-debug-0.log
10 silly logfile start cleaning logs, removing 1 files
11 silly packumentCache heap:2197815296 maxSize:549453824 maxEntrySize:274726912
12 silly logfile done cleaning log files
13 silly idealTree buildDeps
14 silly fetch manifest csv-parse@*
15 silly packumentCache full:https://registry.npmjs.org/csv-parse cache-miss
16 http fetch GET 200 https://registry.npmjs.org/csv-parse 126ms (cache miss)
17 silly packumentCache full:https://registry.npmjs.org/csv-parse set size:undefined disposed:false
18 silly placeDep ROOT csv-parse@6.1.0 OK for: snehaganeshwadi@1.0.0 want: *
19 silly reify moves {}
20 silly audit bulk request { 'csv-parse': [ '6.1.0' ] }
21 http cache csv-parse@https://registry.npmjs.org/csv-parse/-/csv-parse-6.1.0.tgz 0ms (cache hit)
22 silly tarball no local data for csv-parse@https://registry.npmjs.org/csv-parse/-/csv-parse-6.1.0.tgz. Extracting by manifest.
23 http fetch GET 200 https://registry.npmjs.org/csv-parse/-/csv-parse-6.1.0.tgz 117ms (cache miss)
24 http fetch POST 200 https://registry.npmjs.org/-/npm/v1/security/advisories/bulk 248ms
25 silly audit report {}
26 silly ADD node_modules/csv-parse
27 verbose cwd /home/snehaganeshwadi
28 verbose os Linux 6.6.105+
29 verbose node v22.20.0
30 verbose npm  v11.6.1
31 verbose exit 0
32 info ok
